0 info it worked if it ends with ok
1 verbose cli [ '/Users/yedu/.nvm/versions/node/v6.9.2/bin/node',
1 verbose cli   '/Users/yedu/.nvm/versions/node/v6.9.2/bin/npm',
1 verbose cli   'run',
1 verbose cli   'setup' ]
2 info using npm@3.10.9
3 info using node@v6.9.2
4 verbose run-script [ 'presetup', 'setup', 'postsetup' ]
5 info lifecycle react-boilerplate@3.6.0~presetup: react-boilerplate@3.6.0
6 verbose lifecycle react-boilerplate@3.6.0~presetup: unsafe-perm in lifecycle true
7 verbose lifecycle react-boilerplate@3.6.0~presetup: PATH: /Users/yedu/.nvm/versions/node/v6.9.2/lib/node_modules/npm/bin/node-gyp-bin:/Applications/MAMP/htdocs/hackhathon/view/node_modules/.bin:/Users/yedu/.nvm/versions/node/v6.9.2/bin:/usr/local/bin:/usr/bin:/bin:/usr/sbin:/sbin
8 verbose lifecycle react-boilerplate@3.6.0~presetup: CWD: /Applications/MAMP/htdocs/hackhathon/view
9 silly lifecycle react-boilerplate@3.6.0~presetup: Args: [ '-c', 'npm i chalk shelljs' ]
10 silly lifecycle react-boilerplate@3.6.0~presetup: Returned: code: 0  signal: null
11 info lifecycle react-boilerplate@3.6.0~setup: react-boilerplate@3.6.0
12 verbose lifecycle react-boilerplate@3.6.0~setup: unsafe-perm in lifecycle true
13 verbose lifecycle react-boilerplate@3.6.0~setup: PATH: /Users/yedu/.nvm/versions/node/v6.9.2/lib/node_modules/npm/bin/node-gyp-bin:/Applications/MAMP/htdocs/hackhathon/view/node_modules/.bin:/Users/yedu/.nvm/versions/node/v6.9.2/bin:/usr/local/bin:/usr/bin:/bin:/usr/sbin:/sbin
14 verbose lifecycle react-boilerplate@3.6.0~setup: CWD: /Applications/MAMP/htdocs/hackhathon/view
15 silly lifecycle react-boilerplate@3.6.0~setup: Args: [ '-c', 'node ./internals/scripts/setup.js' ]
16 silly lifecycle react-boilerplate@3.6.0~setup: Returned: code: 1  signal: null
17 info lifecycle react-boilerplate@3.6.0~setup: Failed to exec setup script
18 verbose stack Error: react-boilerplate@3.6.0 setup: `node ./internals/scripts/setup.js`
18 verbose stack Exit status 1
18 verbose stack     at EventEmitter.<anonymous> (/Users/yedu/.nvm/versions/node/v6.9.2/lib/node_modules/npm/lib/utils/lifecycle.js:255:16)
18 verbose stack     at emitTwo (events.js:106:13)
18 verbose stack     at EventEmitter.emit (events.js:191:7)
18 verbose stack     at ChildProcess.<anonymous> (/Users/yedu/.nvm/versions/node/v6.9.2/lib/node_modules/npm/lib/utils/spawn.js:40:14)
18 verbose stack     at emitTwo (events.js:106:13)
18 verbose stack     at ChildProcess.emit (events.js:191:7)
18 verbose stack     at maybeClose (internal/child_process.js:877:16)
18 verbose stack     at Process.ChildProcess._handle.onexit (internal/child_process.js:226:5)
19 verbose pkgid react-boilerplate@3.6.0
20 verbose cwd /Applications/MAMP/htdocs/hackhathon/view
21 error Darwin 17.7.0
22 error argv "/Users/yedu/.nvm/versions/node/v6.9.2/bin/node" "/Users/yedu/.nvm/versions/node/v6.9.2/bin/npm" "run" "setup"
23 error node v6.9.2
24 error npm  v3.10.9
25 error code ELIFECYCLE
26 error react-boilerplate@3.6.0 setup: `node ./internals/scripts/setup.js`
26 error Exit status 1
27 error Failed at the react-boilerplate@3.6.0 setup script 'node ./internals/scripts/setup.js'.
27 error Make sure you have the latest version of node.js and npm installed.
27 error If you do, this is most likely a problem with the react-boilerplate package,
27 error not with npm itself.
27 error Tell the author that this fails on your system:
27 error     node ./internals/scripts/setup.js
27 error You can get information on how to open an issue for this project with:
27 error     npm bugs react-boilerplate
27 error Or if that isn't available, you can get their info via:
27 error     npm owner ls react-boilerplate
27 error There is likely additional logging output above.
28 verbose exit [ 1, true ]
